TN:
SF:/home/travis/build/MaibornWolff/codecharta/visualization/app/codeCharta/core/aggregate/aggregate.module.ts
FNF:0
FNH:0
DA:7,1
LF:1
LH:1
BRF:0
BRH:0
end_of_record
TN:
SF:/home/travis/build/MaibornWolff/codecharta/visualization/app/codeCharta/core/aggregate/aggregate.service.ts
FN:9,(anonymous_0)
FN:40,(anonymous_1)
FN:63,(anonymous_2)
FN:75,(anonymous_3)
FNF:4
FNH:3
FNDA:3,(anonymous_0)
FNDA:6,(anonymous_1)
FNDA:12,(anonymous_2)
FNDA:0,(anonymous_3)
DA:6,1
DA:11,3
DA:13,2
DA:14,2
DA:16,2
DA:17,6
DA:18,6
DA:21,2
DA:34,2
DA:35,6
DA:37,2
DA:42,6
DA:43,6
DA:45,6
DA:47,18
DA:48,6
DA:50,12
DA:51,0
DA:53,12
DA:54,6
DA:58,6
DA:60,6
DA:64,12
DA:65,18
DA:66,0
DA:69,18
DA:70,6
DA:76,0
DA:77,0
DA:78,0
DA:79,0
LF:31
LH:25
BRDA:11,0,0,1
BRDA:11,0,1,2
BRDA:47,1,0,6
BRDA:47,1,1,12
BRDA:50,2,0,0
BRDA:50,2,1,12
BRDA:53,3,0,6
BRDA:53,3,1,6
BRDA:65,4,0,0
BRDA:65,4,1,18
BRDA:69,5,0,6
BRDA:69,5,1,12
BRDA:77,6,0,0
BRDA:77,6,1,0
BRF:14
BRH:10
end_of_record
TN:
SF:/home/travis/build/MaibornWolff/codecharta/visualization/app/codeCharta/core/data/data.decorator.service.ts
FN:12,(anonymous_0)
FN:14,(anonymous_1)
FN:22,(anonymous_2)
FN:51,(anonymous_3)
FN:68,(anonymous_4)
FN:73,(anonymous_5)
FN:80,(anonymous_6)
FN:85,(anonymous_7)
FN:92,(anonymous_8)
FN:95,(anonymous_9)
FN:98,(anonymous_10)
FN:106,(anonymous_11)
FN:108,(anonymous_12)
FN:112,(anonymous_13)
FN:132,(anonymous_14)
FN:134,(anonymous_15)
FN:138,(anonymous_16)
FN:147,(anonymous_17)
FN:161,(anonymous_18)
FN:164,(anonymous_19)
FN:176,(anonymous_20)
FNF:21
FNH:21
FNDA:29,(anonymous_0)
FNDA:145,(anonymous_1)
FNDA:145,(anonymous_2)
FNDA:24,(anonymous_3)
FNDA:22,(anonymous_4)
FNDA:116,(anonymous_5)
FNDA:33,(anonymous_6)
FNDA:187,(anonymous_7)
FNDA:33,(anonymous_8)
FNDA:186,(anonymous_9)
FNDA:418,(anonymous_10)
FNDA:27,(anonymous_11)
FNDA:34,(anonymous_12)
FNDA:112,(anonymous_13)
FNDA:25,(anonymous_14)
FNDA:30,(anonymous_15)
FNDA:156,(anonymous_16)
FNDA:156,(anonymous_17)
FNDA:47,(anonymous_18)
FNDA:27,(anonymous_19)
FNDA:268,(anonymous_20)
DA:14,29
DA:15,145
DA:22,29
DA:23,145
DA:24,6
DA:25,6
DA:26,6
DA:27,6
DA:28,6
DA:29,1
DA:31,6
DA:32,6
DA:33,6
DA:34,139
DA:35,53
DA:36,110
DA:41,29
DA:42,29
DA:53,24
DA:55,24
DA:56,24
DA:58,24
DA:59,122
DA:60,1
DA:62,122
DA:70,22
DA:72,22
DA:73,22
DA:74,116
DA:82,33
DA:84,33
DA:85,33
DA:86,187
DA:93,33
DA:94,33
DA:95,33
DA:96,186
DA:97,186
DA:98,186
DA:99,418
DA:101,186
DA:108,27
DA:109,34
DA:111,34
DA:112,34
DA:115,112
DA:118,112
DA:119,488
DA:120,488
DA:121,56
DA:134,25
DA:135,30
DA:137,30
DA:138,30
DA:139,156
DA:149,156
DA:152,156
DA:153,660
DA:154,660
DA:155,47
DA:162,47
DA:165,27
DA:166,27
DA:167,27
DA:168,27
DA:169,69
DA:171,27
DA:177,268
DA:178,2
LF:69
LH:69
BRDA:15,0,0,145
BRDA:15,0,1,145
BRDA:15,0,2,60
BRDA:15,0,3,7
BRDA:15,0,4,6
BRDA:23,1,0,6
BRDA:23,1,1,139
BRDA:28,2,0,1
BRDA:28,2,1,5
BRDA:34,3,0,53
BRDA:34,3,1,86
BRDA:34,4,0,139
BRDA:34,4,1,139
BRDA:34,4,2,54
BRDA:41,5,0,29
BRDA:41,5,1,0
BRDA:41,6,0,29
BRDA:41,6,1,29
BRDA:53,7,0,24
BRDA:53,7,1,0
BRDA:53,8,0,24
BRDA:53,8,1,24
BRDA:59,9,0,1
BRDA:59,9,1,121
BRDA:70,10,0,22
BRDA:70,10,1,0
BRDA:70,11,0,22
BRDA:70,11,1,22
BRDA:82,12,0,33
BRDA:82,12,1,0
BRDA:82,13,0,33
BRDA:82,13,1,33
BRDA:93,14,0,33
BRDA:93,14,1,0
BRDA:93,15,0,33
BRDA:93,15,1,33
BRDA:109,16,0,34
BRDA:109,16,1,0
BRDA:109,17,0,34
BRDA:109,17,1,34
BRDA:120,18,0,56
BRDA:120,18,1,432
BRDA:135,19,0,30
BRDA:135,19,1,0
BRDA:135,20,0,30
BRDA:135,20,1,30
BRDA:154,21,0,47
BRDA:154,21,1,613
BRDA:154,22,0,660
BRDA:154,22,1,47
BRDA:154,22,2,47
BRDA:177,23,0,2
BRDA:177,23,1,266
BRF:53
BRH:46
end_of_record
TN:
SF:/home/travis/build/MaibornWolff/codecharta/visualization/app/codeCharta/core/data/data.deltaCalculator.service.ts
FN:19,(anonymous_0)
FN:23,(anonymous_1)
FN:24,(anonymous_2)
FN:34,(anonymous_3)
FN:97,(anonymous_4)
FN:110,(anonymous_5)
FN:115,(anonymous_6)
FN:124,(anonymous_7)
FN:132,(anonymous_8)
FN:135,(anonymous_9)
FN:137,(anonymous_10)
FN:143,(anonymous_11)
FN:159,(anonymous_12)
FN:172,(anonymous_13)
FNF:14
FNH:14
FNDA:71,(anonymous_0)
FNDA:6,(anonymous_1)
FNDA:26,(anonymous_2)
FNDA:9,(anonymous_3)
FNDA:5,(anonymous_4)
FNDA:9,(anonymous_5)
FNDA:16,(anonymous_6)
FNDA:17,(anonymous_7)
FNDA:7,(anonymous_8)
FNDA:47,(anonymous_9)
FNDA:40,(anonymous_10)
FNDA:9,(anonymous_11)
FNDA:9,(anonymous_12)
FNDA:38,(anonymous_13)
DA:19,71
DA:24,6
DA:25,26
DA:27,9
DA:28,9
DA:29,9
DA:36,9
DA:38,9
DA:39,9
DA:40,9
DA:43,9
DA:45,7
DA:47,7
DA:49,7
DA:50,14
DA:51,14
DA:53,7
DA:54,7
DA:55,7
DA:56,7
DA:61,0
DA:64,7
DA:66,0
DA:68,0
DA:77,0
DA:78,0
DA:80,0
DA:81,0
DA:84,0
DA:90,9
DA:91,0
DA:93,9
DA:100,5
DA:101,2
DA:105,3
DA:106,3
DA:109,3
DA:110,3
DA:111,9
DA:114,3
DA:115,3
DA:116,16
DA:120,3
DA:121,3
DA:124,3
DA:125,17
DA:126,17
DA:127,17
DA:134,7
DA:135,7
DA:136,47
DA:137,40
DA:146,9
DA:147,9
DA:150,9
DA:151,23
DA:152,23
DA:156,9
DA:159,9
DA:160,9
DA:161,32
DA:162,32
DA:165,9
DA:168,9
DA:173,38
DA:174,38
DA:175,114
DA:176,114
DA:177,114
DA:178,114
DA:179,114
DA:182,38
LF:72
LH:63
BRDA:25,0,0,9
BRDA:25,0,1,17
BRDA:47,1,0,7
BRDA:47,1,1,0
BRDA:49,2,0,21
BRDA:49,2,1,15
BRDA:51,3,0,7
BRDA:51,3,1,7
BRDA:64,4,0,0
BRDA:64,4,1,7
BRDA:90,5,0,0
BRDA:90,5,1,9
BRDA:100,6,0,2
BRDA:100,6,1,3
BRDA:100,7,0,5
BRDA:100,7,1,4
BRDA:100,7,2,4
BRDA:100,7,3,3
BRDA:136,8,0,18
BRDA:136,8,1,29
BRDA:151,9,0,23
BRDA:151,9,1,0
BRDA:161,10,0,32
BRDA:161,10,1,0
BRDA:175,11,0,114
BRDA:175,11,1,0
BRDA:176,12,0,73
BRDA:176,12,1,41
BRF:28
BRH:22
end_of_record
TN:
SF:/home/travis/build/MaibornWolff/codecharta/visualization/app/codeCharta/core/data/data.loading.service.ts
FN:12,(anonymous_0)
FN:23,(anonymous_1)
FN:29,(anonymous_2)
FN:33,(anonymous_3)
FN:44,(anonymous_4)
FNF:5
FNH:5
FNDA:6,(anonymous_0)
FNDA:6,(anonymous_1)
FNDA:6,(anonymous_2)
FNDA:3,(anonymous_3)
FNDA:3,(anonymous_4)
DA:12,6
DA:25,6
DA:26,6
DA:29,6
DA:31,6
DA:34,3
DA:40,3
DA:42,3
DA:45,3
LF:9
LH:9
BRDA:25,0,0,6
BRDA:25,0,1,0
BRDA:38,1,0,3
BRDA:38,1,1,3
BRF:4
BRH:3
end_of_record
TN:
SF:/home/travis/build/MaibornWolff/codecharta/visualization/app/codeCharta/core/data/data.mocks.ts
FNF:0
FNH:0
DA:3,5
DA:29,5
DA:34,5
DA:41,5
DA:71,5
LF:5
LH:5
BRF:0
BRH:0
end_of_record
TN:
SF:/home/travis/build/MaibornWolff/codecharta/visualization/app/codeCharta/core/data/data.module.ts
FNF:0
FNH:0
DA:11,12
DA:13,12
DA:17,12
DA:22,12
DA:26,12
DA:30,12
LF:6
LH:6
BRF:0
BRH:0
end_of_record
TN:
SF:/home/travis/build/MaibornWolff/codecharta/visualization/app/codeCharta/core/data/data.service.ts
FN:34,(anonymous_0)
FN:46,(anonymous_1)
FN:58,(anonymous_2)
FN:68,(anonymous_3)
FN:77,(anonymous_4)
FN:83,(anonymous_5)
FN:90,(anonymous_6)
FN:98,(anonymous_7)
FN:102,(anonymous_8)
FN:103,(anonymous_9)
FN:108,(anonymous_10)
FN:114,(anonymous_11)
FN:118,(anonymous_12)
FN:122,(anonymous_13)
FN:126,(anonymous_14)
FN:130,(anonymous_15)
FN:142,(anonymous_16)
FN:151,(anonymous_17)
FN:155,(anonymous_18)
FN:159,(anonymous_19)
FN:160,(anonymous_20)
FN:172,(anonymous_21)
FNF:22
FNH:17
FNDA:64,(anonymous_0)
FNDA:22,(anonymous_1)
FNDA:25,(anonymous_2)
FNDA:4,(anonymous_3)
FNDA:28,(anonymous_4)
FNDA:2,(anonymous_5)
FNDA:2,(anonymous_6)
FNDA:80,(anonymous_7)
FNDA:25,(anonymous_8)
FNDA:4,(anonymous_9)
FNDA:18,(anonymous_10)
FNDA:0,(anonymous_11)
FNDA:0,(anonymous_12)
FNDA:0,(anonymous_13)
FNDA:0,(anonymous_14)
FNDA:0,(anonymous_15)
FNDA:25,(anonymous_16)
FNDA:29,(anonymous_17)
FNDA:93,(anonymous_18)
FNDA:69,(anonymous_19)
FNDA:296,(anonymous_20)
FNDA:2,(anonymous_21)
DA:29,64
DA:30,64
DA:31,64
DA:34,64
DA:35,64
DA:36,64
DA:38,64
DA:47,22
DA:48,22
DA:49,22
DA:50,22
DA:51,22
DA:52,22
DA:53,22
DA:54,22
DA:55,22
DA:59,25
DA:60,24
DA:61,24
DA:62,24
DA:63,24
DA:64,24
DA:69,4
DA:70,2
DA:71,2
DA:72,2
DA:73,2
DA:78,28
DA:79,2
DA:84,2
DA:85,1
DA:86,1
DA:91,2
DA:92,1
DA:93,1
DA:99,80
DA:103,25
DA:104,4
DA:109,18
DA:115,0
DA:119,0
DA:123,0
DA:127,0
DA:132,0
DA:133,0
DA:134,0
DA:135,0
DA:139,0
DA:144,25
DA:145,1
DA:146,1
DA:149,24
DA:151,24
DA:152,29
DA:155,24
DA:156,93
DA:159,24
DA:160,69
DA:161,296
DA:165,24
DA:173,2
DA:174,2
DA:175,2
DA:176,2
DA:177,2
LF:65
LH:56
BRDA:59,0,0,24
BRDA:59,0,1,1
BRDA:69,1,0,2
BRDA:69,1,1,2
BRDA:78,2,0,2
BRDA:78,2,1,26
BRDA:78,3,0,28
BRDA:78,3,1,7
BRDA:78,3,2,7
BRDA:84,4,0,1
BRDA:84,4,1,1
BRDA:91,5,0,1
BRDA:91,5,1,1
BRDA:132,6,0,0
BRDA:132,6,1,0
BRDA:132,7,0,0
BRDA:132,7,1,0
BRDA:134,8,0,0
BRDA:134,8,1,0
BRDA:134,9,0,0
BRDA:134,9,1,0
BRDA:144,10,0,1
BRDA:144,10,1,24
BRDA:156,11,0,93
BRDA:156,11,1,0
BRF:25
BRH:16
end_of_record
TN:
SF:/home/travis/build/MaibornWolff/codecharta/visualization/app/codeCharta/core/data/data.validator.service.ts
FN:14,(anonymous_0)
FN:23,(anonymous_1)
FN:55,(anonymous_2)
FN:57,(anonymous_3)
FNF:4
FNH:4
FNDA:17,(anonymous_0)
FNDA:45,(anonymous_1)
FNDA:17,(anonymous_2)
FNDA:17,(anonymous_3)
DA:25,45
DA:27,17
DA:29,17
DA:30,34
DA:33,17
DA:34,1
DA:36,16
DA:37,16
DA:38,32
DA:40,16
DA:45,27
DA:57,17
DA:59,17
DA:60,17
DA:61,17
DA:64,17
DA:65,1
DA:71,12
DA:72,7
DA:74,5
LF:20
LH:20
BRDA:25,0,0,17
BRDA:25,0,1,27
BRDA:25,1,0,45
BRDA:25,1,1,17
BRDA:33,2,0,1
BRDA:33,2,1,16
BRDA:38,3,0,32
BRDA:38,3,1,32
BRDA:64,4,0,1
BRDA:64,4,1,11
BRDA:71,5,0,7
BRDA:71,5,1,5
BRF:12
BRH:12
end_of_record
TN:
SF:/home/travis/build/MaibornWolff/codecharta/visualization/app/codeCharta/core/scenario/scenario.data.ts
FN:5,createDefaultScenario
FNF:1
FNH:1
FNDA:7,createDefaultScenario
DA:7,7
LF:1
LH:1
BRF:0
BRH:0
end_of_record
TN:
SF:/home/travis/build/MaibornWolff/codecharta/visualization/app/codeCharta/core/scenario/scenario.module.ts
FNF:0
FNH:0
DA:10,1
DA:15,1
LF:2
LH:2
BRF:0
BRH:0
end_of_record
TN:
SF:/home/travis/build/MaibornWolff/codecharta/visualization/app/codeCharta/core/scenario/scenario.service.ts
FN:20,(anonymous_0)
FN:28,(anonymous_1)
FN:39,(anonymous_2)
FN:40,(anonymous_3)
FN:43,(anonymous_4)
FN:47,(anonymous_5)
FN:48,(anonymous_6)
FN:49,(anonymous_7)
FN:56,(anonymous_8)
FNF:9
FNH:9
FNDA:6,(anonymous_0)
FNDA:1,(anonymous_1)
FNDA:2,(anonymous_2)
FNDA:8,(anonymous_3)
FNDA:10,(anonymous_4)
FNDA:40,(anonymous_5)
FNDA:34,(anonymous_6)
FNDA:34,(anonymous_7)
FNDA:1,(anonymous_8)
DA:20,6
DA:21,6
DA:29,1
DA:30,1
DA:31,0
DA:40,8
DA:44,10
DA:45,0
DA:47,40
DA:48,34
DA:49,34
DA:57,1
LF:12
LH:10
BRDA:30,0,0,0
BRDA:30,0,1,1
BRDA:44,1,0,0
BRDA:44,1,1,10
BRDA:44,2,0,10
BRDA:44,2,1,10
BRDA:47,3,0,10
BRDA:47,3,1,7
BRDA:47,3,2,7
BRF:9
BRH:7
end_of_record
TN:
SF:/home/travis/build/MaibornWolff/codecharta/visualization/app/codeCharta/core/settings/settings.module.ts
FNF:0
FNH:0
DA:10,6
LF:1
LH:1
BRF:0
BRH:0
end_of_record
TN:
SF:/home/travis/build/MaibornWolff/codecharta/visualization/app/codeCharta/core/settings/settings.service.ts
FN:57,(anonymous_0)
FN:69,(anonymous_1)
FN:70,(anonymous_2)
FN:75,(anonymous_3)
FN:115,(anonymous_4)
FN:119,(anonymous_5)
FN:129,(anonymous_6)
FN:152,(anonymous_7)
FN:171,(anonymous_8)
FN:190,(anonymous_9)
FN:194,(anonymous_10)
FN:242,(anonymous_11)
FN:246,(anonymous_12)
FN:281,(anonymous_13)
FN:297,(anonymous_14)
FN:312,(anonymous_15)
FN:345,(anonymous_16)
FN:355,(anonymous_17)
FN:363,(anonymous_18)
FN:378,(anonymous_19)
FN:380,(anonymous_20)
FNF:21
FNH:16
FNDA:24,(anonymous_0)
FNDA:0,(anonymous_1)
FNDA:0,(anonymous_2)
FNDA:24,(anonymous_3)
FNDA:0,(anonymous_4)
FNDA:0,(anonymous_5)
FNDA:3,(anonymous_6)
FNDA:1,(anonymous_7)
FNDA:3,(anonymous_8)
FNDA:2,(anonymous_9)
FNDA:46,(anonymous_10)
FNDA:3,(anonymous_11)
FNDA:63,(anonymous_12)
FNDA:1,(anonymous_13)
FNDA:0,(anonymous_14)
FNDA:1,(anonymous_15)
FNDA:39,(anonymous_16)
FNDA:89,(anonymous_17)
FNDA:2,(anonymous_18)
FNDA:8,(anonymous_19)
FNDA:18,(anonymous_20)
DA:48,7
DA:54,24
DA:57,24
DA:58,24
DA:59,24
DA:61,24
DA:63,24
DA:64,24
DA:65,24
DA:70,0
DA:71,0
DA:77,24
DA:83,24
DA:87,24
DA:91,24
DA:93,24
DA:111,24
DA:116,0
DA:120,0
DA:131,3
DA:133,3
DA:135,2
DA:138,3
DA:140,3
DA:143,3
DA:145,3
DA:148,3
DA:153,1
DA:158,1
DA:159,1
DA:160,1
DA:173,3
DA:174,0
DA:175,0
DA:178,3
DA:179,0
DA:180,0
DA:183,3
DA:192,2
DA:194,2
DA:195,46
DA:196,48
DA:198,46
DA:201,44
DA:204,46
DA:206,46
DA:208,3
DA:209,0
DA:210,3
DA:211,0
DA:212,3
DA:214,3
DA:216,3
DA:217,1
DA:220,3
DA:222,0
DA:232,2
DA:235,2
DA:244,3
DA:246,3
DA:247,63
DA:248,72
DA:250,69
DA:253,60
DA:256,69
DA:259,60
DA:268,3
DA:270,3
DA:283,1
DA:284,1
DA:288,0
DA:289,0
DA:290,0
DA:291,0
DA:294,0
DA:295,0
DA:297,0
DA:298,0
DA:299,0
DA:300,0
DA:313,1
DA:314,1
DA:315,1
DA:317,1
DA:318,1
DA:319,1
DA:321,1
DA:322,1
DA:323,1
DA:325,1
DA:326,1
DA:327,1
DA:329,1
DA:330,1
DA:331,1
DA:332,1
DA:333,1
DA:334,1
DA:335,1
DA:338,1
DA:340,1
DA:346,39
DA:356,89
DA:364,2
DA:365,2
DA:366,2
DA:367,2
DA:368,2
DA:369,2
DA:379,8
DA:380,8
DA:381,18
DA:382,2
DA:386,8
LF:114
LH:93
BRDA:133,0,0,2
BRDA:133,0,1,1
BRDA:138,1,0,3
BRDA:138,1,1,0
BRDA:143,2,0,3
BRDA:143,2,1,0
BRDA:153,3,0,1
BRDA:153,3,1,0
BRDA:154,4,0,1
BRDA:154,4,1,1
BRDA:154,4,2,0
BRDA:173,5,0,0
BRDA:173,5,1,3
BRDA:173,6,0,3
BRDA:173,6,1,0
BRDA:178,7,0,0
BRDA:178,7,1,3
BRDA:178,8,0,3
BRDA:178,8,1,3
BRDA:196,9,0,46
BRDA:196,9,1,2
BRDA:196,10,0,48
BRDA:196,10,1,48
BRDA:196,10,2,46
BRDA:198,11,0,2
BRDA:198,11,1,44
BRDA:198,12,0,46
BRDA:198,12,1,44
BRDA:206,13,0,3
BRDA:206,13,1,43
BRDA:208,14,0,0
BRDA:208,14,1,3
BRDA:210,15,0,0
BRDA:210,15,1,3
BRDA:212,16,0,3
BRDA:212,16,1,0
BRDA:212,17,0,3
BRDA:212,17,1,3
BRDA:216,18,0,1
BRDA:216,18,1,2
BRDA:248,19,0,69
BRDA:248,19,1,3
BRDA:248,20,0,72
BRDA:248,20,1,72
BRDA:248,20,2,69
BRDA:250,21,0,9
BRDA:250,21,1,60
BRDA:250,22,0,69
BRDA:250,22,1,60
BRDA:256,23,0,9
BRDA:256,23,1,60
BRDA:256,24,0,69
BRDA:256,24,1,60
BRDA:283,25,0,1
BRDA:283,25,1,0
BRDA:289,26,0,0
BRDA:289,26,1,0
BRDA:298,27,0,0
BRDA:298,27,1,0
BRDA:338,28,0,1
BRDA:338,28,1,1
BRDA:381,29,0,2
BRDA:381,29,1,16
BRF:63
BRH:48
end_of_record
TN:
SF:/home/travis/build/MaibornWolff/codecharta/visualization/app/codeCharta/core/statistic/statistic.module.ts
FNF:0
FNH:0
DA:7,7
LF:1
LH:1
BRF:0
BRH:0
end_of_record
TN:
SF:/home/travis/build/MaibornWolff/codecharta/visualization/app/codeCharta/core/statistic/statistic.service.ts
FN:8,(anonymous_0)
FN:22,(anonymous_1)
FN:34,(anonymous_2)
FN:74,(anonymous_3)
FN:124,(anonymous_4)
FN:148,(anonymous_5)
FN:168,(anonymous_6)
FN:193,(anonymous_7)
FN:215,(anonymous_8)
FN:229,(anonymous_9)
FN:244,(anonymous_10)
FN:259,(anonymous_11)
FN:285,(anonymous_12)
FN:286,(anonymous_13)
FNF:14
FNH:14
FNDA:8,(anonymous_0)
FNDA:32,(anonymous_1)
FNDA:15,(anonymous_2)
FNDA:120,(anonymous_3)
FNDA:120,(anonymous_4)
FNDA:55,(anonymous_5)
FNDA:55,(anonymous_6)
FNDA:75,(anonymous_7)
FNDA:15,(anonymous_8)
FNDA:15,(anonymous_9)
FNDA:15,(anonymous_10)
FNDA:15,(anonymous_11)
FNDA:15,(anonymous_12)
FNDA:42,(anonymous_13)
DA:8,8
DA:9,8
DA:10,8
DA:11,8
DA:12,8
DA:13,8
DA:14,8
DA:20,8
DA:22,32
DA:35,15
DA:36,15
DA:37,0
DA:39,15
DA:40,15
DA:41,5
DA:44,10
DA:45,10
DA:47,10
DA:48,10
DA:51,30
DA:53,30
DA:54,10
DA:57,30
DA:59,10
DA:61,30
DA:63,10
DA:64,10
DA:65,10
DA:66,10
DA:75,120
DA:76,120
DA:77,330
DA:78,150
DA:80,180
DA:81,10
DA:84,120
DA:85,120
DA:86,180
DA:89,120
DA:90,60
DA:91,10
DA:93,60
DA:95,90
DA:96,110
DA:98,110
DA:100,75
DA:101,75
DA:102,75
DA:106,90
DA:107,15
DA:109,15
DA:114,120
DA:125,120
DA:127,60
DA:128,180
DA:133,60
DA:134,90
DA:135,160
DA:136,90
DA:141,120
DA:149,55
DA:150,10
DA:152,45
DA:153,20
DA:154,35
DA:157,25
DA:158,25
DA:160,55
DA:170,55
DA:171,25
DA:172,75
DA:175,30
DA:177,20
DA:178,35
DA:181,10
DA:182,10
DA:184,55
DA:194,75
DA:196,15
DA:198,15
DA:200,15
DA:202,15
DA:204,15
DA:206,0
DA:208,0
DA:216,15
DA:217,15
DA:218,42
DA:219,36
DA:222,15
DA:223,15
DA:231,15
DA:232,42
DA:233,36
DA:234,18
DA:238,15
DA:246,15
DA:247,42
DA:248,36
DA:249,15
DA:253,15
DA:260,15
DA:261,15
DA:263,15
DA:264,42
DA:265,36
DA:266,18
DA:269,18
DA:273,15
DA:274,18
DA:275,15
DA:276,15
DA:279,15
DA:286,42
DA:288,15
DA:289,15
DA:290,9
DA:292,6
DA:293,0
DA:296,6
DA:298,15
LF:121
LH:117
BRDA:8,0,0,8
BRDA:8,0,1,8
BRDA:35,1,0,15
BRDA:35,1,1,0
BRDA:36,2,0,0
BRDA:36,2,1,15
BRDA:40,3,0,5
BRDA:40,3,1,10
BRDA:53,4,0,10
BRDA:53,4,1,20
BRDA:53,5,0,30
BRDA:53,5,1,20
BRDA:77,6,0,150
BRDA:77,6,1,180
BRDA:77,7,0,330
BRDA:77,7,1,270
BRDA:77,7,2,150
BRDA:77,7,3,150
BRDA:80,8,0,10
BRDA:80,8,1,170
BRDA:80,9,0,180
BRDA:80,9,1,120
BRDA:84,10,0,120
BRDA:84,10,1,0
BRDA:84,11,0,120
BRDA:84,11,1,120
BRDA:89,12,0,60
BRDA:89,12,1,60
BRDA:89,13,0,120
BRDA:89,13,1,60
BRDA:90,14,0,10
BRDA:90,14,1,50
BRDA:98,15,0,75
BRDA:98,15,1,35
BRDA:106,16,0,15
BRDA:106,16,1,75
BRDA:125,17,0,60
BRDA:125,17,1,60
BRDA:125,18,0,120
BRDA:125,18,1,60
BRDA:125,18,2,60
BRDA:125,18,3,60
BRDA:135,19,0,90
BRDA:135,19,1,70
BRDA:149,20,0,10
BRDA:149,20,1,45
BRDA:152,21,0,20
BRDA:152,21,1,25
BRDA:152,22,0,45
BRDA:152,22,1,20
BRDA:157,23,0,25
BRDA:157,23,1,0
BRDA:157,24,0,25
BRDA:157,24,1,25
BRDA:170,25,0,25
BRDA:170,25,1,30
BRDA:170,26,0,55
BRDA:170,26,1,45
BRDA:175,27,0,20
BRDA:175,27,1,10
BRDA:175,28,0,30
BRDA:175,28,1,20
BRDA:181,29,0,10
BRDA:181,29,1,0
BRDA:195,30,0,15
BRDA:195,30,1,15
BRDA:195,30,2,15
BRDA:195,30,3,15
BRDA:195,30,4,15
BRDA:195,30,5,0
BRDA:218,31,0,36
BRDA:218,31,1,6
BRDA:232,32,0,36
BRDA:232,32,1,6
BRDA:233,33,0,18
BRDA:233,33,1,18
BRDA:233,34,0,36
BRDA:233,34,1,21
BRDA:247,35,0,36
BRDA:247,35,1,6
BRDA:248,36,0,15
BRDA:248,36,1,21
BRDA:248,37,0,36
BRDA:248,37,1,21
BRDA:264,38,0,36
BRDA:264,38,1,6
BRDA:265,39,0,18
BRDA:265,39,1,18
BRDA:274,40,0,15
BRDA:274,40,1,3
BRDA:289,41,0,9
BRDA:289,41,1,6
BRDA:292,42,0,0
BRDA:292,42,1,6
BRF:94
BRH:87
end_of_record
TN:
SF:/home/travis/build/MaibornWolff/codecharta/visualization/app/codeCharta/core/tooltip/tooltip.module.ts
FNF:0
FNH:0
DA:7,1
LF:1
LH:1
BRF:0
BRH:0
end_of_record
TN:
SF:/home/travis/build/MaibornWolff/codecharta/visualization/app/codeCharta/core/tooltip/tooltip.service.ts
FN:24,(anonymous_0)
FN:28,(anonymous_1)
FN:29,(anonymous_2)
FN:34,(anonymous_3)
FN:38,(anonymous_4)
FN:48,(anonymous_5)
FN:83,(anonymous_6)
FNF:7
FNH:7
FNDA:9,(anonymous_0)
FNDA:1,(anonymous_1)
FNDA:1,(anonymous_2)
FNDA:1,(anonymous_3)
FNDA:16,(anonymous_4)
FNDA:14,(anonymous_5)
FNDA:5,(anonymous_6)
DA:3,1
DA:4,1
DA:19,1
DA:24,9
DA:25,9
DA:29,1
DA:30,1
DA:35,1
DA:39,16
DA:40,16
DA:56,14
DA:58,14
DA:60,10
DA:66,10
DA:67,5
DA:69,10
DA:72,4
DA:84,5
LF:18
LH:18
BRDA:58,0,0,10
BRDA:58,0,1,4
BRF:2
BRH:2
end_of_record
TN:
SF:/home/travis/build/MaibornWolff/codecharta/visualization/app/codeCharta/core/treemap/treemap.module.ts
FNF:0
FNH:0
DA:8,1
DA:10,1
LF:2
LH:2
BRF:0
BRH:0
end_of_record
TN:
SF:/home/travis/build/MaibornWolff/codecharta/visualization/app/codeCharta/core/treemap/treemap.service.ts
FN:17,(anonymous_0)
FN:32,(anonymous_1)
FN:51,(anonymous_2)
FN:55,(anonymous_3)
FN:59,(anonymous_4)
FN:64,(anonymous_5)
FN:85,(anonymous_6)
FN:128,(anonymous_7)
FN:131,(anonymous_8)
FN:133,(anonymous_9)
FN:150,(anonymous_10)
FNF:11
FNH:3
FNDA:11,(anonymous_0)
FNDA:0,(anonymous_1)
FNDA:0,(anonymous_2)
FNDA:0,(anonymous_3)
FNDA:0,(anonymous_4)
FNDA:0,(anonymous_5)
FNDA:4,(anonymous_6)
FNDA:0,(anonymous_7)
FNDA:0,(anonymous_8)
FNDA:0,(anonymous_9)
FNDA:3,(anonymous_10)
DA:7,1
DA:14,1
DA:17,11
DA:42,0
DA:44,0
DA:46,0
DA:51,0
DA:52,0
DA:55,0
DA:56,0
DA:59,0
DA:61,0
DA:62,0
DA:64,0
DA:65,0
DA:68,0
DA:86,4
DA:87,4
DA:88,2
DA:90,4
DA:91,4
DA:93,4
DA:94,1
DA:95,3
DA:96,3
DA:98,0
DA:101,4
DA:103,4
DA:104,4
DA:105,4
DA:106,4
DA:107,4
DA:108,4
DA:109,4
DA:110,0
DA:113,4
DA:114,4
DA:115,4
DA:116,4
DA:118,4
DA:119,4
DA:129,0
DA:131,0
DA:132,0
DA:133,0
DA:134,0
DA:135,0
DA:140,0
DA:151,3
DA:152,3
DA:153,2
DA:155,3
LF:52
LH:30
BRDA:48,0,0,0
BRDA:48,0,1,0
BRDA:49,1,0,0
BRDA:49,1,1,0
BRDA:87,2,0,2
BRDA:87,2,1,2
BRDA:87,3,0,4
BRDA:87,3,1,2
BRDA:93,4,0,1
BRDA:93,4,1,3
BRDA:95,5,0,3
BRDA:95,5,1,0
BRDA:107,6,0,4
BRDA:107,6,1,0
BRDA:109,7,0,0
BRDA:109,7,1,4
BRDA:134,8,0,0
BRDA:134,8,1,0
BRDA:152,9,0,2
BRDA:152,9,1,1
BRDA:152,10,0,3
BRDA:152,10,1,2
BRDA:152,10,2,1
BRDA:153,11,0,2
BRDA:153,11,1,2
BRF:25
BRH:16
end_of_record
TN:
SF:/home/travis/build/MaibornWolff/codecharta/visualization/app/codeCharta/core/url/url.mocks.ts
FNF:0
FNH:0
DA:3,1
LF:1
LH:1
BRF:0
BRH:0
end_of_record
TN:
SF:/home/travis/build/MaibornWolff/codecharta/visualization/app/codeCharta/core/url/url.module.ts
FNF:0
FNH:0
DA:7,7
LF:1
LH:1
BRF:0
BRH:0
end_of_record
TN:
SF:/home/travis/build/MaibornWolff/codecharta/visualization/app/codeCharta/core/url/url.service.ts
FN:14,(anonymous_0)
FN:22,(anonymous_1)
FN:32,(anonymous_2)
FN:52,(anonymous_3)
FN:60,(anonymous_4)
FN:62,(anonymous_5)
FN:73,(anonymous_6)
FN:75,(anonymous_7)
FN:79,(anonymous_8)
FN:86,(anonymous_9)
FNF:10
FNH:9
FNDA:28,(anonymous_0)
FNDA:48,(anonymous_1)
FNDA:58,(anonymous_2)
FNDA:54,(anonymous_3)
FNDA:2,(anonymous_4)
FNDA:2,(anonymous_5)
FNDA:2,(anonymous_6)
FNDA:2,(anonymous_7)
FNDA:2,(anonymous_8)
FNDA:0,(anonymous_9)
DA:9,7
DA:11,7
DA:14,28
DA:23,48
DA:33,58
DA:34,53
DA:36,58
DA:37,58
DA:38,58
DA:39,58
DA:40,47
DA:42,11
DA:43,0
DA:45,11
DA:53,54
DA:62,2
DA:63,2
DA:64,2
DA:75,2
DA:77,2
DA:78,2
DA:80,2
DA:81,2
DA:82,2
DA:84,0
DA:87,0
DA:91,0
LF:27
LH:23
BRDA:33,0,0,53
BRDA:33,0,1,5
BRDA:39,1,0,47
BRDA:39,1,1,11
BRDA:42,2,0,0
BRDA:42,2,1,11
BRDA:77,3,0,2
BRDA:77,3,1,0
BRDA:77,4,0,2
BRDA:77,4,1,2
BRDA:80,5,0,2
BRDA:80,5,1,0
BRF:12
BRH:9
end_of_record
TN:
SF:/home/travis/build/MaibornWolff/codecharta/visualization/app/codeCharta/ui/codeMap/codeMap.mouseEvent.service.ts
FN:34,(anonymous_0)
FN:48,(anonymous_1)
FN:50,(anonymous_2)
FN:54,(anonymous_3)
FN:60,(anonymous_4)
FN:67,(anonymous_5)
FN:94,(anonymous_6)
FN:100,(anonymous_7)
FN:122,(anonymous_8)
FN:130,(anonymous_9)
FN:134,(anonymous_10)
FN:138,(anonymous_11)
FN:146,(anonymous_12)
FN:171,(anonymous_13)
FN:184,(anonymous_14)
FN:186,(anonymous_15)
FN:193,(anonymous_16)
FNF:17
FNH:6
FNDA:7,(anonymous_0)
FNDA:1,(anonymous_1)
FNDA:0,(anonymous_2)
FNDA:0,(anonymous_3)
FNDA:1,(anonymous_4)
FNDA:0,(anonymous_5)
FNDA:0,(anonymous_6)
FNDA:0,(anonymous_7)
FNDA:0,(anonymous_8)
FNDA:0,(anonymous_9)
FNDA:0,(anonymous_10)
FNDA:0,(anonymous_11)
FNDA:0,(anonymous_12)
FNDA:0,(anonymous_13)
FNDA:3,(anonymous_14)
FNDA:2,(anonymous_15)
FNDA:1,(anonymous_16)
DA:26,3
DA:28,7
DA:29,7
DA:30,7
DA:31,7
DA:35,7
DA:36,7
DA:37,7
DA:38,7
DA:39,7
DA:40,7
DA:41,7
DA:42,7
DA:44,7
DA:45,7
DA:50,1
DA:51,0
DA:54,1
DA:55,0
DA:61,1
DA:62,1
DA:63,1
DA:64,1
DA:68,0
DA:70,0
DA:72,0
DA:74,0
DA:75,0
DA:77,0
DA:79,0
DA:83,0
DA:86,0
DA:88,0
DA:89,0
DA:95,0
DA:96,0
DA:97,0
DA:102,0
DA:104,0
DA:106,0
DA:107,0
DA:108,0
DA:111,0
DA:112,0
DA:113,0
DA:116,0
DA:123,0
DA:124,0
DA:125,0
DA:126,0
DA:131,0
DA:135,0
DA:139,0
DA:141,0
DA:142,0
DA:153,0
DA:154,0
DA:155,0
DA:159,0
DA:161,0
DA:163,0
DA:167,0
DA:172,0
DA:174,0
DA:176,0
DA:180,0
DA:185,3
DA:186,3
DA:187,2
DA:188,1
DA:194,1
LF:71
LH:26
BRDA:70,0,0,0
BRDA:70,0,1,0
BRDA:77,1,0,0
BRDA:77,1,1,0
BRDA:86,2,0,0
BRDA:86,2,1,0
BRDA:102,3,0,0
BRDA:102,3,1,0
BRDA:106,4,0,0
BRDA:106,4,1,0
BRDA:111,5,0,0
BRDA:111,5,1,0
BRDA:111,6,0,0
BRDA:111,6,1,0
BRDA:116,7,0,0
BRDA:116,7,1,0
BRDA:123,8,0,0
BRDA:123,8,1,0
BRDA:125,9,0,0
BRDA:125,9,1,0
BRDA:141,10,0,0
BRDA:141,10,1,0
BRDA:153,11,0,0
BRDA:153,11,1,0
BRDA:153,12,0,0
BRDA:153,12,1,0
BRDA:154,13,0,0
BRDA:154,13,1,0
BRDA:154,14,0,0
BRDA:154,14,1,0
BRDA:161,15,0,0
BRDA:161,15,1,0
BRDA:174,16,0,0
BRDA:174,16,1,0
BRDA:187,17,0,1
BRDA:187,17,1,1
BRF:36
BRH:2
end_of_record
TN:
SF:/home/travis/build/MaibornWolff/codecharta/visualization/app/codeCharta/ui/codeMap/codeMap.render.service.ts
FN:32,(anonymous_0)
FN:40,(anonymous_1)
FN:44,(anonymous_2)
FN:48,(anonymous_3)
FN:63,(anonymous_4)
FN:72,(anonymous_5)
FN:83,(anonymous_6)
FN:85,(anonymous_7)
FN:86,(anonymous_8)
FN:121,(anonymous_9)
FNF:10
FNH:0
FNDA:0,(anonymous_0)
FNDA:0,(anonymous_1)
FNDA:0,(anonymous_2)
FNDA:0,(anonymous_3)
FNDA:0,(anonymous_4)
FNDA:0,(anonymous_5)
FNDA:0,(anonymous_6)
FNDA:0,(anonymous_7)
FNDA:0,(anonymous_8)
FNDA:0,(anonymous_9)
DA:15,1
DA:22,1
DA:24,0
DA:25,0
DA:26,0
DA:32,0
DA:33,0
DA:34,0
DA:35,0
DA:36,0
DA:37,0
DA:45,0
DA:49,0
DA:51,0
DA:53,0
DA:54,0
DA:55,0
DA:64,0
DA:74,0
DA:75,0
DA:78,0
DA:79,0
DA:84,0
DA:85,0
DA:86,0
DA:87,0
DA:89,0
DA:98,0
DA:99,0
DA:100,0
DA:101,0
DA:103,0
DA:104,0
DA:105,0
DA:106,0
DA:110,0
DA:112,0
DA:122,0
DA:123,0
DA:124,0
DA:126,0
DA:127,0
DA:128,0
DA:130,0
DA:131,0
DA:134,0
DA:135,0
DA:138,0
DA:139,0
LF:49
LH:2
BRDA:53,0,0,0
BRDA:53,0,1,0
BRDA:53,1,0,0
BRDA:53,1,1,0
BRDA:53,1,2,0
BRDA:53,1,3,0
BRDA:53,1,4,0
BRDA:74,2,0,0
BRDA:74,2,1,0
BRDA:74,3,0,0
BRDA:74,3,1,0
BRDA:74,3,2,0
BRDA:74,3,3,0
BRDA:74,3,4,0
BRDA:74,3,5,0
BRDA:74,3,6,0
BRDA:74,3,7,0
BRDA:78,4,0,0
BRDA:78,4,1,0
BRDA:78,5,0,0
BRDA:78,5,1,0
BRDA:78,5,2,0
BRDA:78,5,3,0
BRDA:85,6,0,0
BRDA:85,6,1,0
BRDA:85,6,2,0
BRDA:103,7,0,0
BRDA:103,7,1,0
BRDA:104,8,0,0
BRDA:104,8,1,0
BRDA:130,9,0,0
BRDA:130,9,1,0
BRDA:134,10,0,0
BRDA:134,10,1,0
BRDA:138,11,0,0
BRDA:138,11,1,0
BRF:36
BRH:0
end_of_record
TN:
SF:/home/travis/build/MaibornWolff/codecharta/visualization/app/codeCharta/ui/codeMap/rendering/arrowManager.ts
FN:11,(anonymous_0)
FN:16,(anonymous_1)
FN:41,(anonymous_2)
FN:48,(anonymous_3)
FN:59,(anonymous_4)
FN:73,(anonymous_5)
FN:83,(anonymous_6)
FN:93,(anonymous_7)
FN:129,(anonymous_8)
FNF:9
FNH:8
FNDA:9,(anonymous_0)
FNDA:4,(anonymous_1)
FNDA:1,(anonymous_2)
FNDA:1,(anonymous_3)
FNDA:5,(anonymous_4)
FNDA:5,(anonymous_5)
FNDA:12,(anonymous_6)
FNDA:5,(anonymous_7)
FNDA:0,(anonymous_8)
DA:12,9
DA:13,9
DA:22,4
DA:25,4
DA:26,4
DA:27,4
DA:28,4
DA:31,4
DA:32,4
DA:33,4
DA:34,4
DA:37,4
DA:38,4
DA:42,1
DA:43,1
DA:44,1
DA:49,1
DA:50,1
DA:51,1
DA:52,2
DA:53,1
DA:56,1
DA:61,5
DA:63,5
DA:64,4
DA:65,4
DA:66,4
DA:67,3
DA:74,5
DA:76,5
DA:77,9
DA:80,5
DA:84,12
DA:85,12
DA:86,12
DA:87,13
DA:88,13
DA:90,12
DA:95,5
DA:97,4
DA:98,4
DA:99,4
DA:101,4
DA:102,4
DA:103,4
DA:105,4
DA:106,4
DA:107,4
DA:109,4
DA:110,4
DA:111,4
DA:113,4
DA:120,4
DA:122,4
DA:123,4
DA:130,0
DA:131,0
DA:132,0
DA:133,0
LF:59
LH:55
BRDA:17,0,0,4
BRDA:18,1,0,4
BRDA:19,2,0,4
BRDA:20,3,0,4
BRDA:52,4,0,1
BRDA:52,4,1,1
BRDA:66,5,0,3
BRDA:66,5,1,1
BRDA:66,6,0,4
BRDA:66,6,1,3
BRDA:95,7,0,4
BRDA:95,7,1,1
BRDA:95,8,0,5
BRDA:95,8,1,5
BRDA:95,8,2,4
BRDA:95,8,3,4
BRF:16
BRH:16
end_of_record
TN:
SF:/home/travis/build/MaibornWolff/codecharta/visualization/app/codeCharta/ui/codeMap/rendering/boxGeometryGenerationHelper.ts
FN:5,(anonymous_0)
FN:14,(anonymous_1)
FN:34,(anonymous_2)
FN:69,(anonymous_3)
FN:111,(anonymous_4)
FN:157,(anonymous_5)
FNF:6
FNH:2
FNDA:1,(anonymous_0)
FNDA:1,(anonymous_1)
FNDA:0,(anonymous_2)
FNDA:0,(anonymous_3)
FNDA:0,(anonymous_4)
FNDA:0,(anonymous_5)
DA:5,1
DA:6,1
DA:7,1
DA:8,1
DA:9,1
DA:10,1
DA:11,1
DA:14,1
DA:15,1
DA:16,1
DA:17,1
DA:18,1
DA:21,1
DA:30,1
DA:31,1
DA:37,0
DA:38,0
DA:39,0
DA:40,0
DA:41,0
DA:42,0
DA:43,0
DA:44,0
DA:47,0
DA:48,0
DA:49,0
DA:50,0
DA:51,0
DA:52,0
DA:53,0
DA:54,0
DA:57,0
DA:58,0
DA:59,0
DA:60,0
DA:61,0
DA:62,0
DA:63,0
DA:64,0
DA:66,0
DA:71,0
DA:73,0
DA:79,0
DA:85,0
DA:91,0
DA:93,0
DA:98,0
DA:103,0
DA:122,0
DA:124,0
DA:126,0
DA:127,0
DA:128,0
DA:129,0
DA:130,0
DA:133,0
DA:136,0
DA:139,0
DA:142,0
DA:143,0
DA:144,0
DA:146,0
DA:147,0
DA:151,0
DA:152,0
DA:159,0
DA:160,0
DA:162,0
DA:163,0
DA:165,0
DA:166,0
LF:71
LH:15
BRDA:5,0,0,1
BRDA:5,0,1,1
BRDA:14,1,0,1
BRDA:14,1,1,1
BRDA:94,2,0,0
BRDA:94,2,1,0
BRDA:104,3,0,0
BRDA:104,3,1,0
BRDA:144,4,0,0
BRDA:144,4,1,0
BRF:10
BRH:4
end_of_record
TN:
SF:/home/travis/build/MaibornWolff/codecharta/visualization/app/codeCharta/ui/codeMap/rendering/codeMapBuilding.ts
FN:13,(anonymous_0)
FNF:1
FNH:1
FNDA:2,(anonymous_0)
DA:15,2
DA:16,2
DA:17,2
DA:18,2
LF:4
LH:4
BRDA:17,0,0,1
BRDA:17,0,1,1
BRF:2
BRH:2
end_of_record
TN:
SF:/home/travis/build/MaibornWolff/codecharta/visualization/app/codeCharta/ui/codeMap/rendering/codeMapFragmentShader.glsl
FNF:0
FNH:0
DA:1,1
LF:1
LH:1
BRF:0
BRH:0
end_of_record
TN:
SF:/home/travis/build/MaibornWolff/codecharta/visualization/app/codeCharta/ui/codeMap/rendering/codeMapGeometricDescription.ts
FN:14,(anonymous_0)
FN:20,(anonymous_1)
FN:24,(anonymous_2)
FN:28,(anonymous_3)
FN:32,(anonymous_4)
FN:48,(anonymous_5)
FNF:6
FNH:0
FNDA:0,(anonymous_0)
FNDA:0,(anonymous_1)
FNDA:0,(anonymous_2)
FNDA:0,(anonymous_3)
FNDA:0,(anonymous_4)
FNDA:0,(anonymous_5)
DA:15,0
DA:16,0
DA:17,0
DA:21,0
DA:25,0
DA:29,0
DA:33,0
DA:34,0
DA:36,0
DA:37,0
DA:39,0
DA:40,0
DA:42,0
DA:43,0
DA:45,0
DA:50,0
DA:51,0
DA:53,0
DA:55,0
DA:58,0
DA:60,0
DA:61,0
DA:62,0
DA:64,0
DA:65,0
DA:66,0
DA:68,0
DA:70,0
DA:72,0
DA:74,0
DA:75,0
DA:77,0
DA:78,0
DA:79,0
DA:87,0
DA:88,0
DA:94,0
LF:37
LH:0
BRDA:70,0,0,0
BRDA:70,0,1,0
BRDA:74,1,0,0
BRDA:74,1,1,0
BRDA:77,2,0,0
BRDA:77,2,1,0
BRDA:87,3,0,0
BRDA:87,3,1,0
BRF:8
BRH:0
end_of_record
TN:
SF:/home/travis/build/MaibornWolff/codecharta/visualization/app/codeCharta/ui/codeMap/rendering/codeMapMesh.ts
FN:64,(anonymous_0)
FN:79,(anonymous_1)
FN:100,(anonymous_2)
FN:106,(anonymous_3)
FN:111,(anonymous_4)
FN:115,(anonymous_5)
FN:118,(anonymous_6)
FN:129,(anonymous_7)
FN:132,(anonymous_8)
FN:143,(anonymous_9)
FN:148,(anonymous_10)
FN:153,(anonymous_11)
FN:160,(anonymous_12)
FN:167,(anonymous_13)
FN:172,(anonymous_14)
FN:182,(anonymous_15)
FN:188,(anonymous_16)
FNF:17
FNH:0
FNDA:0,(anonymous_0)
FNDA:0,(anonymous_1)
FNDA:0,(anonymous_2)
FNDA:0,(anonymous_3)
FNDA:0,(anonymous_4)
FNDA:0,(anonymous_5)
FNDA:0,(anonymous_6)
FNDA:0,(anonymous_7)
FNDA:0,(anonymous_8)
FNDA:0,(anonymous_9)
FNDA:0,(anonymous_10)
FNDA:0,(anonymous_11)
FNDA:0,(anonymous_12)
FNDA:0,(anonymous_13)
FNDA:0,(anonymous_14)
FNDA:0,(anonymous_15)
FNDA:0,(anonymous_16)
DA:49,0
DA:66,0
DA:68,0
DA:70,0
DA:71,0
DA:73,0
DA:74,0
DA:76,0
DA:82,0
DA:83,0
DA:85,0
DA:88,0
DA:90,0
DA:92,0
DA:101,0
DA:102,0
DA:107,0
DA:108,0
DA:112,0
DA:118,0
DA:120,0
DA:122,0
DA:123,0
DA:126,0
DA:132,0
DA:134,0
DA:136,0
DA:137,0
DA:140,0
DA:145,0
DA:150,0
DA:156,0
DA:157,0
DA:163,0
DA:164,0
DA:169,0
DA:175,0
DA:176,0
DA:177,0
DA:179,0
DA:184,0
DA:185,0
DA:190,0
LF:43
LH:0
BRDA:82,0,0,0
BRDA:82,0,1,0
BRDA:122,1,0,0
BRDA:122,1,1,0
BRDA:136,2,0,0
BRDA:136,2,1,0
BRF:6
BRH:0
end_of_record
TN:
SF:/home/travis/build/MaibornWolff/codecharta/visualization/app/codeCharta/ui/codeMap/rendering/codeMapShaderStrings.ts
FN:8,(anonymous_0)
FNF:1
FNH:1
FNDA:1,(anonymous_0)
DA:9,1
DA:10,1
LF:2
LH:2
BRF:0
BRH:0
end_of_record
TN:
SF:/home/travis/build/MaibornWolff/codecharta/visualization/app/codeCharta/ui/codeMap/rendering/codeMapVertexShader.glsl
FNF:0
FNH:0
DA:1,1
LF:1
LH:1
BRF:0
BRH:0
end_of_record
TN:
SF:/home/travis/build/MaibornWolff/codecharta/visualization/app/codeCharta/ui/codeMap/rendering/geometryGenerator.ts
FN:30,(anonymous_0)
FN:32,(anonymous_1)
FN:57,(anonymous_2)
FN:69,(anonymous_3)
FN:76,(anonymous_4)
FN:96,(anonymous_5)
FN:108,(anonymous_6)
FN:142,(anonymous_7)
FN:174,(anonymous_8)
FNF:9
FNH:0
FNDA:0,(anonymous_0)
FNDA:0,(anonymous_1)
FNDA:0,(anonymous_2)
FNDA:0,(anonymous_3)
FNDA:0,(anonymous_4)
FNDA:0,(anonymous_5)
FNDA:0,(anonymous_6)
FNDA:0,(anonymous_7)
FNDA:0,(anonymous_8)
DA:28,1
DA:34,0
DA:35,0
DA:37,0
DA:39,0
DA:41,0
DA:43,0
DA:47,0
DA:51,0
DA:59,0
DA:70,0
DA:71,0
DA:73,0
DA:78,0
DA:79,0
DA:81,0
DA:93,0
DA:98,0
DA:100,0
DA:104,0
DA:110,0
DA:111,0
DA:113,0
DA:115,0
DA:117,0
DA:119,0
DA:121,0
DA:122,0
DA:127,0
DA:139,0
DA:144,0
DA:146,0
DA:148,0
DA:150,0
DA:151,0
DA:153,0
DA:155,0
DA:157,0
DA:159,0
DA:163,0
DA:168,0
DA:171,0
DA:176,0
DA:177,0
DA:178,0
DA:180,0
DA:181,0
DA:182,0
DA:183,0
DA:184,0
DA:185,0
DA:187,0
DA:189,0
DA:190,0
DA:191,0
DA:193,0
DA:194,0
DA:195,0
DA:197,0
DA:198,0
DA:200,0
DA:202,0
DA:203,0
DA:204,0
DA:206,0
DA:207,0
DA:210,0
DA:212,0
DA:214,0
DA:217,0
DA:219,0
DA:220,0
DA:221,0
DA:222,0
DA:223,0
DA:224,0
DA:226,0
DA:228,0
LF:78
LH:1
BRDA:41,0,0,0
BRDA:41,0,1,0
BRDA:70,1,0,0
BRDA:70,1,1,0
BRDA:78,2,0,0
BRDA:78,2,1,0
BRDA:98,3,0,0
BRDA:98,3,1,0
BRDA:98,4,0,0
BRDA:98,4,1,0
BRDA:117,5,0,0
BRDA:117,5,1,0
BRDA:117,6,0,0
BRDA:117,6,1,0
BRDA:117,6,2,0
BRDA:121,7,0,0
BRDA:121,7,1,0
BRDA:146,8,0,0
BRDA:146,8,1,0
BRDA:150,9,0,0
BRDA:150,9,1,0
BRDA:150,10,0,0
BRDA:150,10,1,0
BRDA:153,11,0,0
BRDA:153,11,1,0
BRDA:155,12,0,0
BRDA:155,12,1,0
BRDA:157,13,0,0
BRDA:157,13,1,0
BRDA:159,14,0,0
BRDA:159,14,1,0
BRF:31
BRH:0
end_of_record
TN:
SF:/home/travis/build/MaibornWolff/codecharta/visualization/app/codeCharta/ui/codeMap/rendering/intermediateVertexData.ts
FN:13,(anonymous_0)
FN:25,(anonymous_1)
FN:36,(anonymous_2)
FNF:3
FNH:3
FNDA:2,(anonymous_0)
FNDA:1,(anonymous_1)
FNDA:2,(anonymous_2)
DA:15,2
DA:16,2
DA:17,2
DA:18,2
DA:19,2
DA:20,2
DA:22,2
DA:26,1
DA:27,1
DA:28,1
DA:29,1
DA:30,1
DA:31,1
DA:33,1
DA:38,2
LF:15
LH:15
BRF:0
BRH:0
end_of_record
TN:
SF:/home/travis/build/MaibornWolff/codecharta/visualization/app/codeCharta/ui/codeMap/rendering/labelManager.ts
FN:15,(anonymous_0)
FN:20,(anonymous_1)
FN:53,(anonymous_2)
FN:60,(anonymous_3)
FN:84,(anonymous_4)
FNF:5
FNH:5
FNDA:6,(anonymous_0)
FNDA:5,(anonymous_1)
FNDA:1,(anonymous_2)
FNDA:1,(anonymous_3)
FNDA:4,(anonymous_4)
DA:16,6
DA:17,6
DA:21,5
DA:23,4
DA:24,4
DA:25,4
DA:27,4
DA:28,4
DA:29,4
DA:31,4
DA:32,4
DA:34,4
DA:38,4
DA:39,4
DA:44,4
DA:46,4
DA:47,4
DA:49,4
DA:54,1
DA:55,1
DA:56,0
DA:61,1
DA:62,2
DA:63,2
DA:64,2
DA:68,2
DA:69,2
DA:70,2
DA:72,2
DA:73,2
DA:74,2
DA:85,4
DA:86,4
DA:87,4
DA:89,4
DA:92,4
DA:93,4
DA:94,4
DA:95,4
DA:98,4
DA:99,4
DA:100,4
DA:101,4
DA:104,4
DA:105,4
DA:106,4
DA:107,4
DA:108,4
DA:110,4
DA:111,4
DA:112,4
DA:114,4
DA:115,4
DA:116,4
DA:118,4
LF:55
LH:54
BRDA:21,0,0,4
BRDA:21,0,1,1
BRDA:21,1,0,5
BRDA:21,1,1,5
BRF:4
BRH:4
end_of_record
TN:
SF:/home/travis/build/MaibornWolff/codecharta/visualization/app/codeCharta/ui/codeMap/rendering/renderSettings.ts
FN:7,(anonymous_0)
FNF:1
FNH:1
FNDA:2,(anonymous_0)
DA:7,2
DA:8,2
DA:9,2
DA:10,2
DA:11,2
DA:12,2
DA:13,2
DA:14,2
DA:15,2
DA:16,2
DA:17,2
LF:11
LH:11
BRDA:7,0,0,2
BRDA:7,0,1,2
BRF:2
BRH:2
end_of_record
TN:
SF:/home/travis/build/MaibornWolff/codecharta/visualization/app/codeCharta/ui/codeMap/rendering/renderingUtil.ts
FN:4,(anonymous_0)
FNF:1
FNH:1
FNDA:3,(anonymous_0)
DA:6,3
LF:1
LH:1
BRF:0
BRH:0
end_of_record
TN:
SF:/home/travis/build/MaibornWolff/codecharta/visualization/app/codeCharta/ui/codeMap/threeViewer/threeCameraService.ts
FN:21,(anonymous_0)
FN:25,(anonymous_1)
FN:37,(anonymous_2)
FN:44,(anonymous_3)
FNF:4
FNH:4
FNDA:29,(anonymous_0)
FNDA:1,(anonymous_1)
FNDA:2,(anonymous_2)
FNDA:1,(anonymous_3)
DA:13,8
DA:15,8
DA:16,8
DA:17,8
DA:26,1
DA:38,2
DA:39,2
DA:40,2
DA:41,2
DA:45,1
LF:10
LH:10
BRF:0
BRH:0
end_of_record
TN:
SF:/home/travis/build/MaibornWolff/codecharta/visualization/app/codeCharta/ui/codeMap/threeViewer/threeOrbitControlsService.ts
FN:23,(anonymous_0)
FN:29,(anonymous_1)
FN:50,(anonymous_2)
FN:51,(anonymous_3)
FN:60,(anonymous_4)
FN:64,(anonymous_5)
FN:73,(anonymous_6)
FNF:7
FNH:3
FNDA:25,(anonymous_0)
FNDA:0,(anonymous_1)
FNDA:24,(anonymous_2)
FNDA:1,(anonymous_3)
FNDA:0,(anonymous_4)
FNDA:0,(anonymous_5)
FNDA:0,(anonymous_6)
DA:17,6
DA:18,6
DA:24,25
DA:25,25
DA:26,25
DA:31,0
DA:33,0
DA:34,0
DA:35,0
DA:36,0
DA:38,0
DA:39,0
DA:41,0
DA:42,0
DA:43,0
DA:44,0
DA:46,0
DA:51,24
DA:52,1
DA:61,0
DA:62,0
DA:63,0
DA:64,0
DA:65,0
DA:74,0
LF:25
LH:7
BRDA:29,0,0,0
BRF:1
BRH:0
end_of_record
TN:
SF:/home/travis/build/MaibornWolff/codecharta/visualization/app/codeCharta/ui/codeMap/threeViewer/threeRendererService.ts
FN:24,(anonymous_0)
FN:29,(anonymous_1)
FNF:2
FNH:1
FNDA:4,(anonymous_0)
FNDA:0,(anonymous_1)
DA:9,7
DA:11,7
DA:13,7
DA:15,7
DA:30,0
DA:31,0
DA:32,0
LF:7
LH:4
BRF:0
BRH:0
end_of_record
TN:
SF:/home/travis/build/MaibornWolff/codecharta/visualization/app/codeCharta/ui/codeMap/threeViewer/threeSceneService.ts
FN:22,(anonymous_0)
FN:40,(anonymous_1)
FN:67,(anonymous_2)
FN:83,(anonymous_3)
FNF:4
FNH:2
FNDA:26,(anonymous_0)
FNDA:26,(anonymous_1)
FNDA:0,(anonymous_2)
FNDA:0,(anonymous_3)
DA:13,7
DA:24,26
DA:26,26
DA:27,26
DA:28,26
DA:29,26
DA:31,26
DA:33,26
DA:34,26
DA:35,26
DA:36,26
DA:41,26
DA:42,26
DA:43,26
DA:44,26
DA:45,26
DA:46,26
DA:47,26
DA:48,26
DA:49,26
DA:50,26
DA:52,26
DA:53,26
DA:54,26
DA:55,26
DA:56,26
DA:57,26
DA:58,26
DA:59,26
DA:60,26
DA:62,26
DA:63,26
DA:64,26
DA:68,0
DA:70,0
DA:71,0
DA:76,0
DA:78,0
DA:79,0
DA:80,0
DA:84,0
LF:41
LH:33
BRF:0
BRH:0
end_of_record
TN:
SF:/home/travis/build/MaibornWolff/codecharta/visualization/app/codeCharta/ui/codeMap/threeViewer/threeUpdateCycleService.ts
FN:10,(anonymous_0)
FN:13,(anonymous_1)
FN:20,(anonymous_2)
FN:21,(anonymous_3)
FNF:4
FNH:3
FNDA:6,(anonymous_0)
FNDA:0,(anonymous_1)
FNDA:1,(anonymous_2)
FNDA:2,(anonymous_3)
DA:6,7
DA:8,6
DA:14,0
DA:21,1
DA:22,2
LF:5
LH:4
BRF:0
BRH:0
end_of_record
TN:
SF:/home/travis/build/MaibornWolff/codecharta/visualization/app/codeCharta/ui/codeMap/threeViewer/threeViewer.ts
FNF:0
FNH:0
DA:11,6
LF:1
LH:1
BRF:0
BRH:0
end_of_record
TN:
SF:/home/travis/build/MaibornWolff/codecharta/visualization/app/codeCharta/ui/codeMap/threeViewer/threeViewerService.ts
FN:17,(anonymous_0)
FN:32,(anonymous_1)
FN:62,(anonymous_2)
FN:73,(anonymous_3)
FNF:4
FNH:4
FNDA:4,(anonymous_0)
FNDA:1,(anonymous_1)
FNDA:1,(anonymous_2)
FNDA:1,(anonymous_3)
DA:14,7
DA:18,4
DA:19,4
DA:20,4
DA:21,4
DA:22,4
DA:23,4
DA:34,1
DA:43,1
DA:44,1
DA:47,1
DA:50,1
DA:53,1
DA:56,1
DA:63,1
DA:65,1
DA:66,1
DA:67,1
DA:74,1
DA:75,1
DA:76,1
DA:77,1
LF:22
LH:22
BRF:0
BRH:0
end_of_record
TN:
SF:/home/travis/build/MaibornWolff/codecharta/visualization/app/codeCharta/ui/colorSettingsPanel/colorSettingsPanel.component.html
FNF:0
FNH:0
DA:1,1
LF:1
LH:1
BRF:0
BRH:0
end_of_record
TN:
SF:/home/travis/build/MaibornWolff/codecharta/visualization/app/codeCharta/ui/colorSettingsPanel/colorSettingsPanel.component.ts
FN:13,(anonymous_0)
FN:20,(anonymous_1)
FN:26,(anonymous_2)
FNF:3
FNH:3
FNDA:4,(anonymous_0)
FNDA:5,(anonymous_1)
FNDA:2,(anonymous_2)
DA:6,4
DA:14,4
DA:16,4
DA:17,4
DA:21,5
DA:22,5
DA:23,5
DA:27,2
DA:28,2
DA:29,2
DA:34,1
LF:11
LH:11
BRF:0
BRH:0
end_of_record
TN:
SF:/home/travis/build/MaibornWolff/codecharta/visualization/app/codeCharta/ui/dialog/dialog.service.ts
FN:9,(anonymous_0)
FN:12,(anonymous_1)
FN:16,(anonymous_2)
FN:22,(anonymous_3)
FN:36,(anonymous_4)
FNF:5
FNH:1
FNDA:32,(anonymous_0)
FNDA:0,(anonymous_1)
FNDA:0,(anonymous_2)
FNDA:0,(anonymous_3)
FNDA:0,(anonymous_4)
DA:6,8
DA:9,32
DA:13,0
DA:17,0
DA:27,0
DA:44,0
DA:51,0
LF:7
LH:2
BRDA:23,0,0,0
BRDA:24,1,0,0
BRDA:25,2,0,0
BRDA:39,3,0,0
BRDA:40,4,0,0
BRDA:41,5,0,0
BRF:6
BRH:0
end_of_record
TN:
SF:/home/travis/build/MaibornWolff/codecharta/visualization/app/codeCharta/ui/dialog/dialog.ts
FNF:0
FNH:0
DA:7,8
DA:9,8
LF:2
LH:2
BRF:0
BRH:0
end_of_record
TN:
SF:/home/travis/build/MaibornWolff/codecharta/visualization/app/codeCharta/ui/dialog/queryParam.dialog.html
FNF:0
FNH:0
DA:1,8
LF:1
LH:1
BRF:0
BRH:0
end_of_record
TN:
SF:/home/travis/build/MaibornWolff/codecharta/visualization/app/codeCharta/ui/dialog/queryParam.dialog.ts
FN:7,(anonymous_0)
FN:11,(anonymous_1)
FNF:2
FNH:0
FNDA:0,(anonymous_0)
FNDA:0,(anonymous_1)
DA:7,0
DA:8,0
DA:12,0
DA:17,8
LF:4
LH:1
BRF:0
BRH:0
end_of_record
TN:
SF:/home/travis/build/MaibornWolff/codecharta/visualization/app/codeCharta/ui/mapTreeView/mapTreeViewLevel.html
FNF:0
FNH:0
DA:1,2
LF:1
LH:1
BRF:0
BRH:0
end_of_record
TN:
SF:/home/travis/build/MaibornWolff/codecharta/visualization/app/codeCharta/ui/mapTreeView/mapTreeViewLevelComponent.ts
FN:19,(anonymous_0)
FN:23,(anonymous_1)
FN:24,(anonymous_2)
FN:25,(anonymous_3)
FN:28,(anonymous_4)
FN:32,(anonymous_5)
FN:36,(anonymous_6)
FN:40,(anonymous_7)
FN:43,(anonymous_8)
FN:48,(anonymous_9)
FN:53,(anonymous_10)
FN:60,(anonymous_11)
FN:63,(anonymous_12)
FN:68,(anonymous_13)
FN:71,(anonymous_14)
FN:76,(anonymous_15)
FN:80,(anonymous_16)
FNF:17
FNH:0
FNDA:0,(anonymous_0)
FNDA:0,(anonymous_1)
FNDA:0,(anonymous_2)
FNDA:0,(anonymous_3)
FNDA:0,(anonymous_4)
FNDA:0,(anonymous_5)
FNDA:0,(anonymous_6)
FNDA:0,(anonymous_7)
FNDA:0,(anonymous_8)
FNDA:0,(anonymous_9)
FNDA:0,(anonymous_10)
FNDA:0,(anonymous_11)
FNDA:0,(anonymous_12)
FNDA:0,(anonymous_13)
FNDA:0,(anonymous_14)
FNDA:0,(anonymous_15)
FNDA:0,(anonymous_16)
DA:14,0
DA:15,0
DA:16,0
DA:19,0
DA:24,0
DA:25,0
DA:29,0
DA:33,0
DA:37,0
DA:41,0
DA:42,0
DA:43,0
DA:44,0
DA:49,0
DA:50,0
DA:55,0
DA:57,0
DA:61,0
DA:63,0
DA:64,0
DA:71,0
DA:72,0
DA:77,0
DA:81,0
DA:82,0
DA:84,0
DA:90,2
LF:27
LH:1
BRDA:60,0,0,0
BRDA:76,1,0,0
BRDA:77,2,0,0
BRDA:77,2,1,0
BRDA:77,2,2,0
BRDA:81,3,0,0
BRDA:81,3,1,0
BRDA:81,4,0,0
BRDA:81,4,1,0
BRDA:81,4,2,0
BRF:10
BRH:0
end_of_record
TN:
SF:/home/travis/build/MaibornWolff/codecharta/visualization/app/codeCharta/ui/metricChooser/metricChooser.component.html
FNF:0
FNH:0
DA:1,1
LF:1
LH:1
BRF:0
BRH:0
end_of_record
TN:
SF:/home/travis/build/MaibornWolff/codecharta/visualization/app/codeCharta/ui/metricChooser/metricChooser.component.ts
FN:23,(anonymous_0)
FN:34,(anonymous_1)
FN:38,(anonymous_2)
FN:42,(anonymous_3)
FN:73,(anonymous_4)
FN:76,(anonymous_5)
FNF:6
FNH:4
FNDA:11,(anonymous_0)
FNDA:1,(anonymous_1)
FNDA:1,(anonymous_2)
FNDA:7,(anonymous_3)
FNDA:0,(anonymous_4)
FNDA:0,(anonymous_5)
DA:24,11
DA:25,11
DA:26,11
DA:29,11
DA:30,11
DA:31,11
DA:35,1
DA:39,1
DA:44,7
DA:45,3
DA:46,3
DA:47,3
DA:49,3
DA:51,0
DA:52,0
DA:53,0
DA:55,0
DA:58,3
DA:59,3
DA:60,3
DA:61,3
DA:64,4
DA:65,4
DA:66,4
DA:67,4
DA:68,4
DA:69,4
DA:77,0
DA:82,0
DA:83,0
DA:84,0
DA:85,0
DA:87,0
DA:93,1
DA:99,1
LF:35
LH:25
BRDA:44,0,0,3
BRDA:44,0,1,4
BRDA:44,1,0,7
BRDA:44,1,1,6
BRDA:44,1,2,5
BRDA:44,1,3,4
BRDA:49,2,0,0
BRDA:49,2,1,3
BRDA:82,3,0,0
BRDA:82,3,1,0
BRDA:84,4,0,0
BRDA:84,4,1,0
BRF:12
BRH:7
end_of_record
TN:
SF:/home/travis/build/MaibornWolff/codecharta/visualization/app/codeCharta/ui/metricChooser/metricChooser.horizontal.component.html
FNF:0
FNH:0
DA:1,1
LF:1
LH:1
BRF:0
BRH:0
end_of_record
TN:
SF:/home/travis/build/MaibornWolff/codecharta/visualization/app/codeCharta/ui/rangeSlider/rangeSlider.component.html
FNF:0
FNH:0
DA:1,1
LF:1
LH:1
BRF:0
BRH:0
end_of_record
TN:
SF:/home/travis/build/MaibornWolff/codecharta/visualization/app/codeCharta/ui/rangeSlider/rangeSlider.component.ts
FN:12,(anonymous_0)
FN:18,(anonymous_1)
FN:22,(anonymous_2)
FN:32,(anonymous_3)
FN:43,(anonymous_4)
FN:52,(anonymous_5)
FNF:6
FNH:3
FNDA:3,(anonymous_0)
FNDA:0,(anonymous_1)
FNDA:5,(anonymous_2)
FNDA:0,(anonymous_3)
FNDA:0,(anonymous_4)
FNDA:1,(anonymous_5)
DA:12,3
DA:13,3
DA:14,3
DA:15,3
DA:19,0
DA:23,5
DA:33,0
DA:35,0
DA:38,0
DA:40,0
DA:44,0
DA:47,0
DA:49,0
DA:53,1
DA:58,1
LF:15
LH:7
BRDA:22,0,0,5
BRF:1
BRH:1
end_of_record
TN:
SF:/home/travis/build/MaibornWolff/codecharta/visualization/app/codeCharta/ui/resetSettingsButton/resetSettingsButton.component.html
FNF:0
FNH:0
DA:1,1
LF:1
LH:1
BRF:0
BRH:0
end_of_record
TN:
SF:/home/travis/build/MaibornWolff/codecharta/visualization/app/codeCharta/ui/resetSettingsButton/resetSettingsButton.component.ts
FN:10,(anonymous_0)
FN:17,(anonymous_1)
FN:21,(anonymous_2)
FN:26,(anonymous_3)
FN:35,(anonymous_4)
FNF:5
FNH:5
FNDA:11,(anonymous_0)
FNDA:1,(anonymous_1)
FNDA:10,(anonymous_2)
FNDA:17,(anonymous_3)
FNDA:12,(anonymous_4)
DA:7,11
DA:11,11
DA:12,11
DA:18,1
DA:22,10
DA:23,10
DA:24,10
DA:26,10
DA:28,17
DA:30,17
DA:32,5
DA:33,5
DA:35,5
DA:37,12
DA:39,9
DA:40,3
DA:42,6
DA:43,6
DA:49,12
DA:55,10
DA:62,1
LF:21
LH:21
BRDA:21,0,0,10
BRDA:30,1,0,5
BRDA:30,1,1,12
BRDA:37,2,0,9
BRDA:37,2,1,3
BRDA:37,3,0,12
BRDA:37,3,1,9
BRDA:39,4,0,3
BRDA:39,4,1,6
BRF:9
BRH:9
end_of_record
TN:
SF:/home/travis/build/MaibornWolff/codecharta/visualization/app/codeCharta/ui/revisionChooser/revisionChooser.html
FNF:0
FNH:0
DA:1,1
LF:1
LH:1
BRF:0
BRH:0
end_of_record
TN:
SF:/home/travis/build/MaibornWolff/codecharta/visualization/app/codeCharta/ui/revisionChooser/revisionChooserComponent.ts
FN:25,(anonymous_0)
FN:36,(anonymous_1)
FN:42,(anonymous_2)
FN:46,(anonymous_3)
FN:50,(anonymous_4)
FNF:5
FNH:2
FNDA:5,(anonymous_0)
FNDA:1,(anonymous_1)
FNDA:0,(anonymous_2)
FNDA:0,(anonymous_3)
FNDA:0,(anonymous_4)
DA:12,5
DA:26,5
DA:27,5
DA:29,5
DA:30,5
DA:31,5
DA:32,5
DA:33,5
DA:37,1
DA:38,1
DA:39,1
DA:43,0
DA:47,0
DA:51,0
DA:53,0
DA:54,0
DA:55,0
DA:59,0
DA:60,0
DA:61,0
DA:65,0
DA:66,0
DA:67,0
DA:71,0
DA:77,1
LF:25
LH:12
BRDA:52,0,0,0
BRDA:52,0,1,0
BRDA:52,0,2,0
BRDA:52,0,3,0
BRF:4
BRH:0
end_of_record
TN:
SF:/home/travis/build/MaibornWolff/codecharta/visualization/app/codeCharta/ui/scenarioButtons/scenarioButtons.html
FNF:0
FNH:0
DA:1,1
LF:1
LH:1
BRF:0
BRH:0
end_of_record
TN:
SF:/home/travis/build/MaibornWolff/codecharta/visualization/app/codeCharta/ui/scenarioButtons/scenarioButtonsComponent.ts
FN:23,(anonymous_0)
FN:34,(anonymous_1)
FN:38,(anonymous_2)
FN:42,(anonymous_3)
FN:46,(anonymous_4)
FN:55,(anonymous_5)
FN:63,(anonymous_6)
FNF:7
FNH:7
FNDA:7,(anonymous_0)
FNDA:7,(anonymous_1)
FNDA:1,(anonymous_2)
FNDA:1,(anonymous_3)
FNDA:1,(anonymous_4)
FNDA:2,(anonymous_5)
FNDA:1,(anonymous_6)
DA:13,7
DA:23,7
DA:24,7
DA:25,7
DA:26,7
DA:27,7
DA:28,7
DA:29,7
DA:30,7
DA:31,7
DA:35,7
DA:39,1
DA:43,1
DA:47,1
DA:56,2
DA:64,1
DA:68,1
LF:17
LH:17
BRF:0
BRH:0
end_of_record
TN:
SF:/home/travis/build/MaibornWolff/codecharta/visualization/mocks/ng.mockhelper.ts
FNF:0
FNH:0
DA:5,15
DA:6,15
LF:2
LH:2
BRF:0
BRH:0
end_of_record
TN:
SF:/home/travis/build/MaibornWolff/codecharta/visualization/mocks/styleMock.js
FNF:0
FNH:0
DA:1,5
LF:1
LH:1
BRF:0
BRH:0
end_of_record
